<?xml version="1.0" encoding="UTF-8"?>
<testsuite xmlns:xsi="http://www.w3.org/2001/XMLSchema-instance" xsi:noNamespaceSchemaLocation="https://maven.apache.org/surefire/maven-surefire-plugin/xsd/surefire-test-report.xsd" version="3.0.1" name="com.example.maven_github_demo.GradeCalculatorTest" time="0.044" tests="4" errors="0" skipped="0" failures="0">
  <properties>
[...]
</properties>
  <testcase name="testTotal" classname="com.example.maven_github_demo.GradeCalculatorTest" time="0.019"/>
  <testcase name="testFail" classname="com.example.maven_github_demo.GradeCalculatorTest" time="0.002"/>
  <testcase name="testPass" classname="com.example.maven_github_demo.GradeCalculatorTest" time="0.002"/>
  <testcase name="testAverage" classname="com.example.maven_github_demo.GradeCalculatorTest" time="0.001"/>
</testsuite>